0 info it worked if it ends with ok
1 verbose cli [ '/usr/local/bin/node', '/usr/local/bin/npm', 'start' ]
2 info using npm@3.8.9
3 info using node@v6.1.0
4 verbose config Skipping project config: /Users/bflowers/.npmrc. (matches userconfig)
5 verbose stack Error: ENOENT: no such file or directory, open '/Users/bflowers/package.json'
5 verbose stack     at Error (native)
6 verbose cwd /Users/bflowers/Projects/headwinds/forks/terrain/examples/react
7 error Darwin 15.5.0
8 error argv "/usr/local/bin/node" "/usr/local/bin/npm" "start"
9 error node v6.1.0
10 error npm  v3.8.9
11 error path /Users/bflowers/package.json
12 error code ENOENT
13 error errno -2
14 error syscall open
15 error enoent ENOENT: no such file or directory, open '/Users/bflowers/package.json'
16 error enoent ENOENT: no such file or directory, open '/Users/bflowers/package.json'
16 error enoent This is most likely not a problem with npm itself
16 error enoent and is related to npm not being able to find a file.
17 verbose exit [ -2, true ]
